c:\users\sho11\documents\juce\gainpanplugin\builds\visualstudio2022\x64\release\shared code\include_juce_audio_plugin_client_utils.obj
c:\users\sho11\documents\juce\gainpanplugin\builds\visualstudio2022\x64\release\shared code\include_juce_audio_plugin_client_ara.obj
c:\users\sho11\documents\juce\gainpanplugin\builds\visualstudio2022\x64\release\shared code\include_juce_data_structures.obj
c:\users\sho11\documents\juce\gainpanplugin\builds\visualstudio2022\x64\release\shared code\pluginprocessor.obj
c:\users\sho11\documents\juce\gainpanplugin\builds\visualstudio2022\x64\release\shared code\include_juce_events.obj
c:\users\sho11\documents\juce\gainpanplugin\builds\visualstudio2022\x64\release\shared code\include_juce_graphics.obj
c:\users\sho11\documents\juce\gainpanplugin\builds\visualstudio2022\x64\release\shared code\include_juce_core.obj
c:\users\sho11\documents\juce\gainpanplugin\builds\visualstudio2022\x64\release\shared code\include_juce_audio_formats.obj
c:\users\sho11\documents\juce\gainpanplugin\builds\visualstudio2022\x64\release\shared code\include_juce_audio_devices.obj
c:\users\sho11\documents\juce\gainpanplugin\builds\visualstudio2022\x64\release\shared code\include_juce_audio_utils.obj
c:\users\sho11\documents\juce\gainpanplugin\builds\visualstudio2022\x64\release\shared code\include_juce_audio_processors_ara.obj
c:\users\sho11\documents\juce\gainpanplugin\builds\visualstudio2022\x64\release\shared code\include_juce_audio_basics.obj
c:\users\sho11\documents\juce\gainpanplugin\builds\visualstudio2022\x64\release\shared code\plugineditor.obj
c:\users\sho11\documents\juce\gainpanplugin\builds\visualstudio2022\x64\release\shared code\include_juce_audio_processors_lv2_libs.obj
c:\users\sho11\documents\juce\gainpanplugin\builds\visualstudio2022\x64\release\shared code\include_juce_gui_extra.obj
c:\users\sho11\documents\juce\gainpanplugin\builds\visualstudio2022\x64\release\shared code\gainpanplugin.pdb
c:\users\sho11\documents\juce\gainpanplugin\builds\visualstudio2022\x64\release\shared code\include_juce_audio_processors.obj
c:\users\sho11\documents\juce\gainpanplugin\builds\visualstudio2022\x64\release\shared code\include_juce_gui_basics.obj
c:\users\sho11\documents\juce\gainpanplugin\builds\visualstudio2022\x64\release\shared code\gainpanplugin.lib
c:\users\sho11\documents\juce\gainpanplugin\builds\visualstudio2022\x64\release\shared code\gainpanp.ffe96009.tlog\cl.10308.write.1.tlog
c:\users\sho11\documents\juce\gainpanplugin\builds\visualstudio2022\x64\release\shared code\gainpanp.ffe96009.tlog\cl.command.1.tlog
c:\users\sho11\documents\juce\gainpanplugin\builds\visualstudio2022\x64\release\shared code\gainpanp.ffe96009.tlog\cl.read.1.tlog
c:\users\sho11\documents\juce\gainpanplugin\builds\visualstudio2022\x64\release\shared code\gainpanp.ffe96009.tlog\lib-link.read.1.tlog
c:\users\sho11\documents\juce\gainpanplugin\builds\visualstudio2022\x64\release\shared code\gainpanp.ffe96009.tlog\lib-link.write.1.tlog
c:\users\sho11\documents\juce\gainpanplugin\builds\visualstudio2022\x64\release\shared code\gainpanp.ffe96009.tlog\lib.command.1.tlog
